2025-10-04 19:34:38,524 - WARNING - Duplicate paper_id: 10.1186/s12870-017-1024-4 - URL: https://www.ncbi.nlm.nih.gov/pmc/articles/PMC5387210/
2025-10-04 19:34:53,245 - WARNING - Duplicate paper_id: 10.1016/j.omtm.2025.101424 - URL: https://www.ncbi.nlm.nih.gov/pmc/articles/PMC11929063/
2025-10-04 19:34:57,653 - WARNING - Duplicate paper_id: 10.1016/j.isci.2021.102361 - URL: https://www.ncbi.nlm.nih.gov/pmc/articles/PMC8044432/
2025-10-04 19:35:06,400 - WARNING - Duplicate paper_id: 10.1038/s41467-025-59047-z - URL: https://www.ncbi.nlm.nih.gov/pmc/articles/PMC12008199/
2025-10-04 19:35:06,402 - WARNING - Duplicate paper_id: 10.1038/s41467-025-59047-z - URL: https://www.ncbi.nlm.nih.gov/pmc/articles/PMC12008199/
2025-10-04 19:35:14,233 - WARNING - Duplicate paper_id: 10.1016/j.isci.2023.108759 - URL: https://www.ncbi.nlm.nih.gov/pmc/articles/PMC10797188/
2025-10-04 19:35:16,433 - WARNING - Duplicate paper_id: 10.1038/s41526-019-0091-2 - URL: https://www.ncbi.nlm.nih.gov/pmc/articles/PMC7000411/
2025-10-04 19:35:25,435 - WARNING - Duplicate paper_id: 10.1007/s00425-016-2581-8 - URL: https://www.ncbi.nlm.nih.gov/pmc/articles/PMC5748516/
2025-10-04 19:35:26,122 - WARNING - Duplicate paper_id: 10.1007/s00425-016-2581-8 - URL: https://www.ncbi.nlm.nih.gov/pmc/articles/PMC5748516/
2025-10-04 19:35:33,111 - WARNING - Duplicate paper_id: 10.1038/s41526-024-00393-5 - URL: https://www.ncbi.nlm.nih.gov/pmc/articles/PMC11094041/
2025-10-04 19:35:36,424 - WARNING - Duplicate paper_id: 10.1038/s41467-025-59047-z - URL: https://www.ncbi.nlm.nih.gov/pmc/articles/PMC12008199/
2025-10-04 19:35:37,934 - WARNING - Duplicate paper_id: 10.1016/j.archoralbio.2019.104621 - URL: https://www.ncbi.nlm.nih.gov/pmc/articles/PMC6981245/
2025-10-04 19:35:47,414 - WARNING - Duplicate paper_id: 10.1016/j.isci.2021.102361 - URL: https://www.ncbi.nlm.nih.gov/pmc/articles/PMC8044432/
2025-10-04 19:35:55,982 - WARNING - Duplicate paper_id: 10.1073/pnas.1807763115 - URL: https://www.ncbi.nlm.nih.gov/pmc/articles/PMC6126739/
2025-10-04 19:35:56,751 - WARNING - Duplicate paper_id: 10.1016/j.smhs.2023.09.002 - URL: https://www.ncbi.nlm.nih.gov/pmc/articles/PMC10831389/
2025-10-04 19:36:08,018 - WARNING - Duplicate paper_id: 10.1038/s42003-023-05213-2 - URL: https://www.ncbi.nlm.nih.gov/pmc/articles/PMC11166981/
2025-10-04 19:36:13,482 - WARNING - Duplicate paper_id: 10.1038/s43856-024-00532-9 - URL: https://www.ncbi.nlm.nih.gov/pmc/articles/PMC11166967/
2025-10-04 19:36:15,846 - WARNING - Duplicate paper_id: 10.1186/s40168-022-01293-0 - URL: https://www.ncbi.nlm.nih.gov/pmc/articles/PMC9241228/
2025-10-04 19:36:16,643 - WARNING - Duplicate paper_id: 10.1016/j.fgb.2019.01.001 - URL: https://www.ncbi.nlm.nih.gov/pmc/articles/PMC9116463/
2025-10-04 19:36:26,423 - WARNING - Duplicate paper_id: 10.1186/s40168-023-01545-7 - URL: https://www.ncbi.nlm.nih.gov/pmc/articles/PMC10233975/
2025-10-04 19:36:27,131 - WARNING - Duplicate paper_id: 10.3389/fmicb.2023.1166013 - URL: https://www.ncbi.nlm.nih.gov/pmc/articles/PMC10308117/
2025-10-04 19:36:27,157 - WARNING - Duplicate paper_id: 10.1038/s41598-023-44172-w - URL: https://www.ncbi.nlm.nih.gov/pmc/articles/PMC10628120/
2025-10-04 19:36:29,448 - WARNING - Duplicate paper_id: 10.1038/s41467-023-37070-2 - URL: https://www.ncbi.nlm.nih.gov/pmc/articles/PMC10030976/
2025-10-04 19:36:29,449 - WARNING - Duplicate paper_id: 10.1038/s41522-021-00240-5 - URL: https://www.ncbi.nlm.nih.gov/pmc/articles/PMC8421509/
2025-10-04 19:36:30,344 - WARNING - Duplicate paper_id: 10.1007/s00792-021-01253-w - URL: https://www.ncbi.nlm.nih.gov/pmc/articles/PMC8739323/
2025-10-04 19:36:32,703 - WARNING - Duplicate paper_id: 10.1038/s42003-024-07022-7 - URL: https://www.ncbi.nlm.nih.gov/pmc/articles/PMC11484870/
2025-10-04 19:36:32,703 - WARNING - Duplicate paper_id: 10.1186/s40168-024-01916-8 - URL: https://www.ncbi.nlm.nih.gov/pmc/articles/PMC11451251/
2025-10-04 19:36:32,715 - WARNING - Duplicate paper_id: 10.3390/ijms251910337 - URL: https://www.ncbi.nlm.nih.gov/pmc/articles/PMC11477029/
2025-10-04 19:36:32,716 - WARNING - Duplicate paper_id: 10.1038/s42003-024-07042-3 - URL: https://www.ncbi.nlm.nih.gov/pmc/articles/PMC11487192/
2025-10-04 19:36:33,091 - WARNING - Duplicate paper_id: 10.1038/s41526-024-00419-y - URL: https://www.ncbi.nlm.nih.gov/pmc/articles/PMC11271499/
2025-10-04 19:36:33,422 - WARNING - Duplicate paper_id: 10.1093/gigascience/giae066 - URL: https://www.ncbi.nlm.nih.gov/pmc/articles/PMC11403809/
2025-10-04 19:36:33,422 - WARNING - Duplicate paper_id: 10.1186/s40168-024-01864-3 - URL: https://www.ncbi.nlm.nih.gov/pmc/articles/PMC11386075/
2025-10-04 19:36:33,492 - WARNING - Duplicate paper_id: 10.1038/s41522-024-00545-1 - URL: https://www.ncbi.nlm.nih.gov/pmc/articles/PMC11362537/
2025-10-04 19:36:33,571 - WARNING - Duplicate paper_id: 10.1038/s41526-024-00424-1 - URL: https://www.ncbi.nlm.nih.gov/pmc/articles/PMC11324864/
2025-10-04 19:36:33,571 - WARNING - Duplicate paper_id: 10.3390/genes15080975 - URL: https://www.ncbi.nlm.nih.gov/pmc/articles/PMC11353732/
